<?xml version="1.0" encoding="UTF-8"?>
<!-- Generated by org.testng.reporters.JUnitReportReporter -->
<testsuite hostname="DESKTOP-G609BEC" failures="0" tests="2" name="org.flipkart.addtocart.InsertProductToCart" time="82.062" errors="0" timestamp="2022-10-07T12:14:27 IST" skipped="0">
  <testcase classname="org.flipkart.addtocart.InsertProductToCart" name="insertProductToCart" time="46.263"/>
  <system-out/>
  <testcase classname="org.flipkart.addtocart.InsertProductToCart" name="insertProductToCart" time="35.799"/>
  <system-out/>
</testsuite> <!-- org.flipkart.addtocart.InsertProductToCart -->
